[debug] [2021-05-21T17:49:00.866Z] ----------------------------------------------------------------------
[debug] [2021-05-21T17:49:00.870Z] Command:       C:\Program Files\nodejs\node.exe C:\Users\al207183\AppData\Roaming\npm\node_modules\firebase-tools\lib\bin\firebase.js init
[debug] [2021-05-21T17:49:00.871Z] CLI Version:   9.10.0
[debug] [2021-05-21T17:49:00.871Z] Platform:      win32
[debug] [2021-05-21T17:49:00.871Z] Node Version:  v14.16.1
[debug] [2021-05-21T17:49:00.879Z] Time:          Fri May 21 2021 11:49:00 GMT-0600 (hora de verano de la montaña)
[debug] [2021-05-21T17:49:00.879Z] ----------------------------------------------------------------------
[debug] 
[debug] [2021-05-21T17:49:00.883Z] >>> [apiv2][query] GET https://firebase-public.firebaseio.com/cli.json [none]
[debug] [2021-05-21T17:49:00.917Z] > command requires scopes: ["email","openid","https://www.googleapis.com/auth/cloudplatformprojects.readonly","https://www.googleapis.com/auth/firebase","https://www.googleapis.com/auth/cloud-platform"]
[debug] [2021-05-21T17:49:00.917Z] > authorizing via signed-in user (aso004@gorilla-labs.com)
[info] 
     ######## #### ########  ######## ########     ###     ######  ########
     ##        ##  ##     ## ##       ##     ##  ##   ##  ##       ##
     ######    ##  ########  ######   ########  #########  ######  ######
     ##        ##  ##    ##  ##       ##     ## ##     ##       ## ##
     ##       #### ##     ## ######## ########  ##     ##  ######  ########

You're about to initialize a Firebase project in this directory:

  C:\Users\al207183\Documents\GitHub\Honeywell_COVID_app

Before we get started, keep in mind:

  * You are initializing in an existing Firebase project directory

[debug] [2021-05-21T17:49:01.344Z] <<< [apiv2][status] GET https://firebase-public.firebaseio.com/cli.json 200
[debug] [2021-05-21T17:49:01.344Z] <<< [apiv2][body] GET https://firebase-public.firebaseio.com/cli.json {"cloudBuildErrorAfter":1594252800000,"cloudBuildWarnAfter":1590019200000,"defaultNode10After":1594252800000,"minVersion":"3.0.5","node8DeploysDisabledAfter":1613390400000,"node8RuntimeDisabledAfter":1615809600000,"node8WarnAfter":1600128000000}
